<?xml version="1.0" encoding="UTF-8"?>
<!-- Generated by org.testng.reporters.JUnitReportReporter -->
<testsuite skipped="0" hostname="Afsanas-MacBook-Pro.local" name="test_signin.sign_in_with_invalid_credential" tests="1" failures="0" timestamp="2020-08-15T18:47:39 EDT" time="4.840" errors="0">
  <testcase name="loginWithInValidCredentialUsingEmailTest" time="4.840" classname="test_signin.sign_in_with_invalid_credential"/>
  <system-out/>
</testsuite> <!-- test_signin.sign_in_with_invalid_credential -->
